This is pdfTeX, Version 3.1415926-1.40.10 (TeX Live 2009/Debian) (format=pdflatex 2012.5.15)  23 MAY 2012 10:17
entering extended mode
 %&-line parsing enabled.
**odin_calibration.tex
(./odin_calibration.tex
LaTeX2e <2009/09/24>
Babel <v3.8l> and hyphenation patterns for english, usenglishmax, dumylang, noh
yphenation, loaded.
(/usr/share/texmf-texlive/tex/latex/base/article.cls
Document Class: article 2007/10/19 v1.4h Standard LaTeX document class
(/usr/share/texmf-texlive/tex/latex/base/size12.clo
File: size12.clo 2007/10/19 v1.4h Standard LaTeX file (size option)
)
\c@part=\count79
\c@section=\count80
\c@subsection=\count81
\c@subsubsection=\count82
\c@paragraph=\count83
\c@subparagraph=\count84
\c@figure=\count85
\c@table=\count86
\abovecaptionskip=\skip41
\belowcaptionskip=\skip42
\bibindent=\dimen102
)
(/usr/share/texmf-texlive/tex/latex/graphics/graphicx.sty
Package: graphicx 1999/02/16 v1.0f Enhanced LaTeX Graphics (DPC,SPQR)

(/usr/share/texmf-texlive/tex/latex/graphics/keyval.sty
Package: keyval 1999/03/16 v1.13 key=value parser (DPC)
\KV@toks@=\toks14
)
(/usr/share/texmf-texlive/tex/latex/graphics/graphics.sty
Package: graphics 2009/02/05 v1.0o Standard LaTeX Graphics (DPC,SPQR)

(/usr/share/texmf-texlive/tex/latex/graphics/trig.sty
Package: trig 1999/03/16 v1.09 sin cos tan (DPC)
)
(/etc/texmf/tex/latex/config/graphics.cfg
File: graphics.cfg 2009/08/28 v1.8 graphics configuration of TeX Live
)
Package graphics Info: Driver file: pdftex.def on input line 91.

(/usr/share/texmf-texlive/tex/latex/pdftex-def/pdftex.def
File: pdftex.def 2010/03/12 v0.04p Graphics/color for pdfTeX
\Gread@gobject=\count87
))
\Gin@req@height=\dimen103
\Gin@req@width=\dimen104
)
(/usr/share/texmf-texlive/tex/latex/fancyhdr/fancyhdr.sty
\fancy@headwidth=\skip43
\f@ncyO@elh=\skip44
\f@ncyO@erh=\skip45
\f@ncyO@olh=\skip46
\f@ncyO@orh=\skip47
\f@ncyO@elf=\skip48
\f@ncyO@erf=\skip49
\f@ncyO@olf=\skip50
\f@ncyO@orf=\skip51
)
(/usr/share/texmf-texlive/tex/latex/base/inputenc.sty
Package: inputenc 2008/03/30 v1.1d Input encoding file
\inpenc@prehook=\toks15
\inpenc@posthook=\toks16

(/usr/share/texmf-texlive/tex/latex/base/latin1.def
File: latin1.def 2008/03/30 v1.1d Input encoding file
))
(/usr/share/texmf-texlive/tex/latex/amsfonts/amssymb.sty
Package: amssymb 2009/06/22 v3.00

(/usr/share/texmf-texlive/tex/latex/amsfonts/amsfonts.sty
Package: amsfonts 2009/06/22 v3.00 Basic AMSFonts support
\@emptytoks=\toks17
\symAMSa=\mathgroup4
\symAMSb=\mathgroup5
LaTeX Font Info:    Overwriting math alphabet `\mathfrak' in version `bold'
(Font)                  U/euf/m/n --> U/euf/b/n on input line 96.
))
(/usr/share/texmf-texlive/tex/generic/babel/babel.sty
Package: babel 2008/07/06 v3.8l The Babel package

(/usr/share/texmf-texlive/tex/generic/babel/english.ldf
Language: english 2005/03/30 v3.3o English support from the babel system

(/usr/share/texmf-texlive/tex/generic/babel/babel.def
File: babel.def 2008/07/06 v3.8l Babel common definitions
\babel@savecnt=\count88
\U@D=\dimen105
)
\l@british = a dialect from \language\l@english 
\l@UKenglish = a dialect from \language\l@english 
\l@canadian = a dialect from \language\l@american 
\l@australian = a dialect from \language\l@british 
\l@newzealand = a dialect from \language\l@british 
))
(./odin_calibration.aux

LaTeX Warning: Label `table:ac1a' multiply defined.


LaTeX Warning: Label `table:ac1a' multiply defined.

)
\openout1 = `odin_calibration.aux'.

LaTeX Font Info:    Checking defaults for OML/cmm/m/it on input line 11.
LaTeX Font Info:    ... okay on input line 11.
LaTeX Font Info:    Checking defaults for T1/cmr/m/n on input line 11.
LaTeX Font Info:    ... okay on input line 11.
LaTeX Font Info:    Checking defaults for OT1/cmr/m/n on input line 11.
LaTeX Font Info:    ... okay on input line 11.
LaTeX Font Info:    Checking defaults for OMS/cmsy/m/n on input line 11.
LaTeX Font Info:    ... okay on input line 11.
LaTeX Font Info:    Checking defaults for OMX/cmex/m/n on input line 11.
LaTeX Font Info:    ... okay on input line 11.
LaTeX Font Info:    Checking defaults for U/cmr/m/n on input line 11.
LaTeX Font Info:    ... okay on input line 11.
 (/usr/share/texmf-texlive/tex/context/base/supp-pdf.mkii
[Loading MPS to PDF converter (version 2006.09.02).]
\scratchcounter=\count89
\scratchdimen=\dimen106
\scratchbox=\box26
\nofMPsegments=\count90
\nofMParguments=\count91
\everyMPshowfont=\toks18
\MPscratchCnt=\count92
\MPscratchDim=\dimen107
\MPnumerator=\count93
\everyMPtoPDFconversion=\toks19
)

Package Fancyhdr Warning: \fancyhead's `E' option without twoside option is use
less on input line 14.


Package Fancyhdr Warning: \fancyhead's `E' option without twoside option is use
less on input line 15.


Package Fancyhdr Warning: \fancyhead's `E' option without twoside option is use
less on input line 16.


Package Fancyhdr Warning: \fancyfoot's `E' option without twoside option is use
less on input line 17.


Package Fancyhdr Warning: \fancyfoot's `E' option without twoside option is use
less on input line 18.


Package Fancyhdr Warning: \fancyfoot's `E' option without twoside option is use
less on input line 19.

LaTeX Font Info:    Try loading font information for U+msa on input line 32.
(/usr/share/texmf-texlive/tex/latex/amsfonts/umsa.fd
File: umsa.fd 2009/06/22 v3.00 AMS symbols A
)
LaTeX Font Info:    Try loading font information for U+msb on input line 32.

(/usr/share/texmf-texlive/tex/latex/amsfonts/umsb.fd
File: umsb.fd 2009/06/22 v3.00 AMS symbols B
) [1

{/var/lib/texmf/fonts/map/pdftex/updmap/pdftex.map}] (./odin_calibration.toc)
\tf@toc=\write3
\openout3 = `odin_calibration.toc'.

 [2]
Underfull \hbox (badness 10000) in paragraph at lines 55--60

 []


Package Fancyhdr Warning: \headheight is too small (12.0pt): 
 Make it at least 14.49998pt.
 We now make it that large for the rest of the document.
 This may cause the page layout to be inconsistent, however.

[1]

pdfTeX warning: pdflatex (file ./dataflow.pdf): PDF inclusion: found PDF versio
n <1.5>, but at most version <1.4> allowed
<dataflow.pdf, id=14, 627.34375pt x 556.0775pt>
File: dataflow.pdf Graphic file (type pdf)
 <use dataflow.pdf>
Overfull \hbox (49.13762pt too wide) in paragraph at lines 72--84
 [][] 
 []

[2

] [3 <./dataflow.pdf>]
Overfull \hbox (85.24965pt too wide) in paragraph at lines 142--160
 [][] 
 []


Overfull \hbox (10.63792pt too wide) in paragraph at lines 211--224
 [][] 
 []

[4

] [5]
Overfull \hbox (6.7213pt too wide) in paragraph at lines 305--316
 [][] 
 []

[6

] [7]
Overfull \hbox (61.55406pt too wide) in paragraph at lines 335--359
 [][] 
 []


Overfull \hbox (63.17076pt too wide) in paragraph at lines 365--387
 [][] 
 []

[8

] [9] [10

]
LaTeX Font Info:    Try loading font information for OMS+cmr on input line 481.

 (/usr/share/texmf-texlive/tex/latex/base/omscmr.fd
File: omscmr.fd 1999/05/25 v2.5h Standard LaTeX font definitions
)
LaTeX Font Info:    Font shape `OMS/cmr/m/n' in size <12> not available
(Font)              Font shape `OMS/cmsy/m/n' tried instead on input line 481.

Underfull \hbox (badness 10000) in paragraph at lines 489--495

 []

[11] [12] <spectrum.png, id=65, 578.16pt x 433.62pt>
File: spectrum.png Graphic file (type png)
 <use spectrum.png>
Overfull \hbox (14.70924pt too wide) in paragraph at lines 570--575
 [][] 
 []

[13 <./spectrum.png>]
Overfull \hbox (2.41121pt too wide) in paragraph at lines 592--604
[]\OT1/cmr/m/n/12 The in-ten-sity cal-i-bra-tion is per-formed by a python clas
s named Level1b$[]$cal
 []


Underfull \hbox (badness 10000) in paragraph at lines 612--622

 []

[14]
Overfull \hbox (17.5502pt too wide) in paragraph at lines 656--656
[]\OT1/cmtt/m/n/12 ssb_fq=eval(result[0]['ssb_fq'].replace('{','(').replace('}'
,')'))[] 
 []

[15]
Overfull \hbox (29.9002pt too wide) in paragraph at lines 714--714
[]    \OT1/cmtt/m/n/12 stw     |   start    | backend | sig_type | mech_type | 
altitude[] 
 []


Overfull \hbox (36.07521pt too wide) in paragraph at lines 714--714
[]\OT1/cmtt/m/n/12 ------------+------------+---------+----------+-----------+-
---------[] 
 []


Overfull \hbox (29.9002pt too wide) in paragraph at lines 714--714
[]  \OT1/cmtt/m/n/12 797607213 |  797607149 | AC2     | SIG      | CAL       | 
 66394.2[] 
 []


Overfull \hbox (29.9002pt too wide) in paragraph at lines 714--714
[]  \OT1/cmtt/m/n/12 797607341 |  797607149 | AC2     | SIG      | SK2       | 
 60728.1[] 
 []


Overfull \hbox (29.9002pt too wide) in paragraph at lines 714--714
[]  \OT1/cmtt/m/n/12 797607469 |  797607149 | AC2     | SIG      | SK1       | 
 54946.1[] 
 []


Overfull \hbox (29.9002pt too wide) in paragraph at lines 714--714
[]  \OT1/cmtt/m/n/12 797607596 |  797607149 | AC2     | SIG      | SK1       | 
 49403.8[] 
 []

[16

]
Overfull \hbox (29.9002pt too wide) in paragraph at lines 714--714
[]  \OT1/cmtt/m/n/12 797608300 |  797607149 | AC2     | SIG      | SK1       | 
 16571.3[] 
 []


Overfull \hbox (29.9002pt too wide) in paragraph at lines 714--714
[]  \OT1/cmtt/m/n/12 797608364 |  797607149 | AC2     | SIG      | SK1       | 
 13635.4[] 
 []


Overfull \hbox (29.9002pt too wide) in paragraph at lines 714--714
[]  \OT1/cmtt/m/n/12 797608428 |  797607149 | AC2     | SIG      | SK1       | 
 10608.7[] 
 []


Overfull \hbox (29.9002pt too wide) in paragraph at lines 714--714
[]  \OT1/cmtt/m/n/12 797608492 |  797608492 | AC2     | SIG      | CAL       | 
 8020.76[] 
 []


Overfull \hbox (29.9002pt too wide) in paragraph at lines 714--714
[]  \OT1/cmtt/m/n/12 797608556 |  797608492 | AC2     | SIG      | CAL       | 
 10532.8[] 
 []

[17] [18


] (./odin_calibration.aux)

LaTeX Warning: There were multiply-defined labels.

 ) 
Here is how much of TeX's memory you used:
 1739 strings out of 495061
 21030 string characters out of 1182621
 76845 words of memory out of 3000000
 4916 multiletter control sequences out of 15000+50000
 12919 words of font info for 50 fonts, out of 3000000 for 9000
 28 hyphenation exceptions out of 8191
 25i,11n,43p,1698b,346s stack positions out of 5000i,500n,10000p,200000b,50000s
</usr/share/texmf-texlive/fonts/type1/public/amsfonts/cm/cmbx12.pfb></usr/sha
re/texmf-texlive/fonts/type1/public/amsfonts/cm/cmex10.pfb></usr/share/texmf-te
xlive/fonts/type1/public/amsfonts/cm/cmmi12.pfb></usr/share/texmf-texlive/fonts
/type1/public/amsfonts/cm/cmmi8.pfb></usr/share/texmf-texlive/fonts/type1/publi
c/amsfonts/cm/cmr12.pfb></usr/share/texmf-texlive/fonts/type1/public/amsfonts/c
m/cmr17.pfb></usr/share/texmf-texlive/fonts/type1/public/amsfonts/cm/cmsy10.pfb
></usr/share/texmf-texlive/fonts/type1/public/amsfonts/cm/cmsy6.pfb></usr/share
/texmf-texlive/fonts/type1/public/amsfonts/cm/cmti12.pfb></usr/share/texmf-texl
ive/fonts/type1/public/amsfonts/cm/cmtt12.pfb>
Output written on odin_calibration.pdf (20 pages, 220250 bytes).
PDF statistics:
 120 PDF objects out of 1000 (max. 8388607)
 0 named destinations out of 1000 (max. 500000)
 11 words of extra memory for PDF output out of 10000 (max. 10000000)

