This file contains any messages produced by compilers while
running configure, to aid debugging if configure makes a mistake.

It was created by configure, which was
generated by GNU Autoconf 2.63.  Invocation command line was

  $ ./configure 

## --------- ##
## Platform. ##
## --------- ##

hostname = harrisburg
uname -m = x86_64
uname -r = 3.0.0-15-generic
uname -s = Linux
uname -v = #26-Ubuntu SMP Fri Jan 20 17:23:00 UTC 2012

/usr/bin/uname -p = unknown
/bin/uname -X     = unknown

/bin/arch              = unknown
/usr/bin/arch -k       = unknown
/usr/convex/getsysinfo = unknown
/usr/bin/hostinfo      = unknown
/bin/machine           = unknown
/usr/bin/oslevel       = unknown
/bin/universe          = unknown

PATH: /home/bengt/bin
PATH: /usr/lib/lightdm/lightdm
PATH: /usr/local/sbin
PATH: /usr/local/bin
PATH: /usr/sbin
PATH: /usr/bin
PATH: /sbin
PATH: /bin
PATH: /usr/games


## ----------- ##
## Core tests. ##
## ----------- ##

configure:1780: checking for uname
configure:1796: found /bin/uname
configure:1808: result: 1
configure:1871: checking for gcc
configure:1887: found /usr/bin/gcc
configure:1898: result: gcc
configure:2130: checking for C compiler version
configure:2138: gcc --version >&5
gcc (Ubuntu/Linaro 4.6.1-9ubuntu3) 4.6.1
Copyright (C) 2011 Free Software Foundation, Inc.
This is free software; see the source for copying conditions.  There is NO
warranty; not even for MERCHANTABILITY or FITNESS FOR A PARTICULAR PURPOSE.

configure:2142: $? = 0
configure:2149: gcc -v >&5
Using built-in specs.
COLLECT_GCC=gcc
COLLECT_LTO_WRAPPER=/usr/lib/gcc/x86_64-linux-gnu/4.6.1/lto-wrapper
Target: x86_64-linux-gnu
Configured with: ../src/configure -v --with-pkgversion='Ubuntu/Linaro 4.6.1-9ubuntu3' --with-bugurl=file:///usr/share/doc/gcc-4.6/README.Bugs --enable-languages=c,c++,fortran,objc,obj-c++,go --prefix=/usr --program-suffix=-4.6 --enable-shared --enable-linker-build-id --with-system-zlib --libexecdir=/usr/lib --without-included-gettext --enable-threads=posix --with-gxx-include-dir=/usr/include/c++/4.6 --libdir=/usr/lib --enable-nls --with-sysroot=/ --enable-clocale=gnu --enable-libstdcxx-debug --enable-libstdcxx-time=yes --enable-plugin --enable-objc-gc --disable-werror --with-arch-32=i686 --with-tune=generic --enable-checking=release --build=x86_64-linux-gnu --host=x86_64-linux-gnu --target=x86_64-linux-gnu
Thread model: posix
gcc version 4.6.1 (Ubuntu/Linaro 4.6.1-9ubuntu3) 
configure:2153: $? = 0
configure:2160: gcc -V >&5
gcc: error: unrecognized option '-V'
gcc: fatal error: no input files
compilation terminated.
configure:2164: $? = 4
configure:2187: checking for C compiler default output file name
configure:2209: gcc    conftest.c  >&5
configure:2213: $? = 0
configure:2251: result: a.out
configure:2270: checking whether the C compiler works
configure:2280: ./a.out
configure:2284: $? = 0
configure:2303: result: yes
configure:2310: checking whether we are cross compiling
configure:2312: result: no
configure:2315: checking for suffix of executables
configure:2322: gcc -o conftest    conftest.c  >&5
configure:2326: $? = 0
configure:2352: result: 
configure:2358: checking for suffix of object files
configure:2384: gcc -c   conftest.c >&5
configure:2388: $? = 0
configure:2413: result: o
configure:2417: checking whether we are using the GNU C compiler
configure:2446: gcc -c   conftest.c >&5
configure:2453: $? = 0
configure:2470: result: yes
configure:2479: checking whether gcc accepts -g
configure:2509: gcc -c -g  conftest.c >&5
configure:2516: $? = 0
configure:2617: result: yes
configure:2634: checking for gcc option to accept ISO C89
configure:2708: gcc  -c -g -O2  conftest.c >&5
configure:2715: $? = 0
configure:2738: result: none needed
configure:2799: checking for ranlib
configure:2815: found /usr/bin/ranlib
configure:2826: result: ranlib
configure:2893: checking for a BSD-compatible install
configure:2961: result: /usr/bin/install -c
configure:2975: checking for tar
configure:2993: found /bin/tar
configure:3005: result: /bin/tar
configure:3015: checking for gzip
configure:3033: found /bin/gzip
configure:3045: result: /bin/gzip
configure:3060: checking how to run the C preprocessor
configure:3100: gcc -E  conftest.c
configure:3107: $? = 0
configure:3138: gcc -E  conftest.c
conftest.c:8:28: fatal error: ac_nonexistent.h: No such file or directory
compilation terminated.
configure:3145: $? = 1
configure: failed program was:
| /* confdefs.h.  */
| #define PACKAGE_NAME ""
| #define PACKAGE_TARNAME ""
| #define PACKAGE_VERSION ""
| #define PACKAGE_STRING ""
| #define PACKAGE_BUGREPORT ""
| /* end confdefs.h.  */
| #include <ac_nonexistent.h>
configure:3178: result: gcc -E
configure:3207: gcc -E  conftest.c
configure:3214: $? = 0
configure:3245: gcc -E  conftest.c
conftest.c:8:28: fatal error: ac_nonexistent.h: No such file or directory
compilation terminated.
configure:3252: $? = 1
configure: failed program was:
| /* confdefs.h.  */
| #define PACKAGE_NAME ""
| #define PACKAGE_TARNAME ""
| #define PACKAGE_VERSION ""
| #define PACKAGE_STRING ""
| #define PACKAGE_BUGREPORT ""
| /* end confdefs.h.  */
| #include <ac_nonexistent.h>
configure:3292: checking for grep that handles long lines and -e
configure:3352: result: /bin/grep
configure:3357: checking for egrep
configure:3421: result: /bin/grep -E
configure:3426: checking for ANSI C header files
configure:3456: gcc -c -g -O2  conftest.c >&5
configure:3463: $? = 0
configure:3562: gcc -o conftest -g -O2   conftest.c  >&5
configure:3566: $? = 0
configure:3572: ./conftest
configure:3576: $? = 0
configure:3594: result: yes
configure:3618: checking for sys/types.h
configure:3639: gcc -c -g -O2  conftest.c >&5
configure:3646: $? = 0
configure:3663: result: yes
configure:3618: checking for sys/stat.h
configure:3639: gcc -c -g -O2  conftest.c >&5
configure:3646: $? = 0
configure:3663: result: yes
configure:3618: checking for stdlib.h
configure:3639: gcc -c -g -O2  conftest.c >&5
configure:3646: $? = 0
configure:3663: result: yes
configure:3618: checking for string.h
configure:3639: gcc -c -g -O2  conftest.c >&5
configure:3646: $? = 0
configure:3663: result: yes
configure:3618: checking for memory.h
configure:3639: gcc -c -g -O2  conftest.c >&5
configure:3646: $? = 0
configure:3663: result: yes
configure:3618: checking for strings.h
configure:3639: gcc -c -g -O2  conftest.c >&5
configure:3646: $? = 0
configure:3663: result: yes
configure:3618: checking for inttypes.h
configure:3639: gcc -c -g -O2  conftest.c >&5
configure:3646: $? = 0
configure:3663: result: yes
configure:3618: checking for stdint.h
configure:3639: gcc -c -g -O2  conftest.c >&5
configure:3646: $? = 0
configure:3663: result: yes
configure:3618: checking for unistd.h
configure:3639: gcc -c -g -O2  conftest.c >&5
configure:3646: $? = 0
configure:3663: result: yes
configure:3678: checking whether byte ordering is bigendian
configure:3703: gcc -c -g -O2  conftest.c >&5
conftest.c:19:9: error: unknown type name 'not'
conftest.c:19:15: error: expected '=', ',', ';', 'asm' or '__attribute__' before 'universal'
conftest.c:19:15: error: unknown type name 'universal'
configure:3710: $? = 1
configure: failed program was:
| /* confdefs.h.  */
| #define PACKAGE_NAME ""
| #define PACKAGE_TARNAME ""
| #define PACKAGE_VERSION ""
| #define PACKAGE_STRING ""
| #define PACKAGE_BUGREPORT ""
| #define STDC_HEADERS 1
| #define HAVE_SYS_TYPES_H 1
| #define HAVE_SYS_STAT_H 1
| #define HAVE_STDLIB_H 1
| #define HAVE_STRING_H 1
| #define HAVE_MEMORY_H 1
| #define HAVE_STRINGS_H 1
| #define HAVE_INTTYPES_H 1
| #define HAVE_STDINT_H 1
| #define HAVE_UNISTD_H 1
| /* end confdefs.h.  */
| #ifndef __APPLE_CC__
| 	       not a universal capable compiler
| 	     #endif
| 	     typedef int dummy;
| 
configure:3760: gcc -c -g -O2  conftest.c >&5
configure:3767: $? = 0
configure:3799: gcc -c -g -O2  conftest.c >&5
conftest.c: In function 'main':
conftest.c:25:4: error: unknown type name 'not'
conftest.c:25:12: error: expected '=', ',', ';', 'asm' or '__attribute__' before 'endian'
configure:3806: $? = 1
configure: failed program was:
| /* confdefs.h.  */
| #define PACKAGE_NAME ""
| #define PACKAGE_TARNAME ""
| #define PACKAGE_VERSION ""
| #define PACKAGE_STRING ""
| #define PACKAGE_BUGREPORT ""
| #define STDC_HEADERS 1
| #define HAVE_SYS_TYPES_H 1
| #define HAVE_SYS_STAT_H 1
| #define HAVE_STDLIB_H 1
| #define HAVE_STRING_H 1
| #define HAVE_MEMORY_H 1
| #define HAVE_STRINGS_H 1
| #define HAVE_INTTYPES_H 1
| #define HAVE_STDINT_H 1
| #define HAVE_UNISTD_H 1
| /* end confdefs.h.  */
| #include <sys/types.h>
| 		#include <sys/param.h>
| 
| int
| main ()
| {
| #if BYTE_ORDER != BIG_ENDIAN
| 		 not big endian
| 		#endif
| 
|   ;
|   return 0;
| }
configure:4058: result: no
configure:4092: checking for stdlib.h
configure:4099: result: yes
configure:4092: checking for string.h
configure:4099: result: yes
configure:4103: checking math.h usability
configure:4120: gcc -c -g -O2  conftest.c >&5
configure:4127: $? = 0
configure:4141: result: yes
configure:4145: checking math.h presence
configure:4160: gcc -E  conftest.c
configure:4167: $? = 0
configure:4181: result: yes
configure:4209: checking for math.h
configure:4218: result: yes
configure:4103: checking limits.h usability
configure:4120: gcc -c -g -O2  conftest.c >&5
configure:4127: $? = 0
configure:4141: result: yes
configure:4145: checking limits.h presence
configure:4160: gcc -E  conftest.c
configure:4167: $? = 0
configure:4181: result: yes
configure:4209: checking for limits.h
configure:4218: result: yes
configure:4256: gcc -c -g -O2  conftest.c >&5
configure:4263: $? = 0
configure:4368: checking fitsio.h usability
configure:4385: gcc -c -g -O2  conftest.c >&5
configure:4392: $? = 0
configure:4406: result: yes
configure:4410: checking fitsio.h presence
configure:4425: gcc -E  conftest.c
configure:4432: $? = 0
configure:4446: result: yes
configure:4474: checking for fitsio.h
configure:4483: result: yes
configure:4514: checking hdf/hdf.h usability
configure:4531: gcc -c -g -O2  conftest.c >&5
configure:4538: $? = 0
configure:4552: result: yes
configure:4556: checking hdf/hdf.h presence
configure:4571: gcc -E  conftest.c
configure:4578: $? = 0
configure:4592: result: yes
configure:4620: checking for hdf/hdf.h
configure:4629: result: yes
configure:4645: checking for ffopen in -lcfitsio
configure:4680: gcc -o conftest -g -O2   conftest.c -lcfitsio   >&5
configure:4687: $? = 0
configure:4708: result: yes
configure:4720: checking for Hopen in -ldf
configure:4755: gcc -o conftest -g -O2   conftest.c -ldf  -lcfitsio  >&5
configure:4762: $? = 0
configure:4783: result: yes
configure:4794: checking for connect
configure:4850: gcc -o conftest -g -O2   conftest.c -ldf -lcfitsio  >&5
configure:4857: $? = 0
configure:4877: result: yes
configure:5047: checking for gethostbyname
configure:5103: gcc -o conftest -g -O2   conftest.c -ldf -lcfitsio  >&5
configure:5110: $? = 0
configure:5130: result: yes
configure:5349: creating ./config.status

## ---------------------- ##
## Running config.status. ##
## ---------------------- ##

This file was extended by config.status, which was
generated by GNU Autoconf 2.63.  Invocation command line was

  CONFIG_FILES    = 
  CONFIG_HEADERS  = 
  CONFIG_LINKS    = 
  CONFIG_COMMANDS = 
  $ ./config.status 

on harrisburg

config.status:657: creating Makefile

## ---------------- ##
## Cache variables. ##
## ---------------- ##

ac_cv_c_bigendian=no
ac_cv_c_compiler_gnu=yes
ac_cv_env_CC_set=
ac_cv_env_CC_value=
ac_cv_env_CFLAGS_set=
ac_cv_env_CFLAGS_value=
ac_cv_env_CPPFLAGS_set=
ac_cv_env_CPPFLAGS_value=
ac_cv_env_CPP_set=
ac_cv_env_CPP_value=
ac_cv_env_LDFLAGS_set=
ac_cv_env_LDFLAGS_value=
ac_cv_env_LIBS_set=
ac_cv_env_LIBS_value=
ac_cv_env_build_alias_set=
ac_cv_env_build_alias_value=
ac_cv_env_host_alias_set=
ac_cv_env_host_alias_value=
ac_cv_env_target_alias_set=
ac_cv_env_target_alias_value=
ac_cv_func_connect=yes
ac_cv_func_gethostbyname=yes
ac_cv_header_fitsio_h=yes
ac_cv_header_hdf_hdf_h=yes
ac_cv_header_inttypes_h=yes
ac_cv_header_limits_h=yes
ac_cv_header_math_h=yes
ac_cv_header_memory_h=yes
ac_cv_header_stdc=yes
ac_cv_header_stdint_h=yes
ac_cv_header_stdlib_h=yes
ac_cv_header_string_h=yes
ac_cv_header_strings_h=yes
ac_cv_header_sys_stat_h=yes
ac_cv_header_sys_types_h=yes
ac_cv_header_unistd_h=yes
ac_cv_lib_cfitsio_ffopen=yes
ac_cv_lib_df_Hopen=yes
ac_cv_objext=o
ac_cv_path_EGREP='/bin/grep -E'
ac_cv_path_GREP=/bin/grep
ac_cv_path_GZIP=/bin/gzip
ac_cv_path_TAR=/bin/tar
ac_cv_path_install='/usr/bin/install -c'
ac_cv_prog_CPP='gcc -E'
ac_cv_prog_ac_ct_CC=gcc
ac_cv_prog_ac_ct_RANLIB=ranlib
ac_cv_prog_cc_c89=
ac_cv_prog_cc_g=yes
ac_cv_prog_uname_found=1

## ----------------- ##
## Output variables. ##
## ----------------- ##

ARCH='linux'
CC='gcc'
CFLAGS='-g -O2'
CPP='gcc -E'
CPPFLAGS=''
DEFS='-DPACKAGE_NAME=\"\" -DPACKAGE_TARNAME=\"\" -DPACKAGE_VERSION=\"\" -DPACKAGE_STRING=\"\" -DPACKAGE_BUGREPORT=\"\" -DSTDC_HEADERS=1 -DHAVE_SYS_TYPES_H=1 -DHAVE_SYS_STAT_H=1 -DHAVE_STDLIB_H=1 -DHAVE_STRING_H=1 -DHAVE_MEMORY_H=1 -DHAVE_STRINGS_H=1 -DHAVE_INTTYPES_H=1 -DHAVE_STDINT_H=1 -DHAVE_UNISTD_H=1 -DHAVE_STDLIB_H=1 -DHAVE_STRING_H=1 -DHAVE_MATH_H=1 -DHAVE_LIMITS_H=1 -DHAVE_FITSIO_H=1 -DHAVE_HDF_HDF_H=1 -DHAVE_LIBCFITSIO=1 -DHAVE_LIBDF=1 -DHAVE_NET_SERVICES=1'
ECHO_C=''
ECHO_N='-n'
ECHO_T=''
EGREP='/bin/grep -E'
EXEEXT=''
GCCVERSION='gcc version 4.6.1 (Ubuntu/Linaro 4.6.1-9ubuntu3) '
GREP='/bin/grep'
GZIP='/bin/gzip'
INSTALL_DATA='${INSTALL} -m 644'
INSTALL_PROGRAM='${INSTALL}'
INSTALL_SCRIPT='${INSTALL}'
LDFLAGS=''
LIBOBJS=''
LIBPRE=''
LIBS='-ldf -lcfitsio '
LTLIBOBJS=''
OBJEXT='o'
PACKAGE_BUGREPORT=''
PACKAGE_NAME=''
PACKAGE_STRING=''
PACKAGE_TARNAME=''
PACKAGE_VERSION=''
PATH_SEPARATOR=':'
RANLIB='ranlib'
SHELL='/bin/bash'
TAR='/bin/tar'
ac_ct_CC='gcc'
bindir='${exec_prefix}/bin'
build_alias=''
datadir='${datarootdir}'
datarootdir='${prefix}/share'
docdir='${datarootdir}/doc/${PACKAGE}'
dvidir='${docdir}'
exec_prefix='${prefix}'
host_alias=''
htmldir='${docdir}'
includedir='${prefix}/include'
infodir='${datarootdir}/info'
libdir='${exec_prefix}/lib'
libexecdir='${exec_prefix}/libexec'
localedir='${datarootdir}/locale'
localstatedir='${prefix}/var'
mandir='${datarootdir}/man'
oldincludedir='/usr/include'
pdfdir='${docdir}'
prefix='/usr/local'
program_transform_name='s,x,x,'
psdir='${docdir}'
sbindir='${exec_prefix}/sbin'
sharedstatedir='${prefix}/com'
sysconfdir='${prefix}/etc'
target_alias=''
uname_found='1'

## ----------- ##
## confdefs.h. ##
## ----------- ##

#define PACKAGE_NAME ""
#define PACKAGE_TARNAME ""
#define PACKAGE_VERSION ""
#define PACKAGE_STRING ""
#define PACKAGE_BUGREPORT ""
#define STDC_HEADERS 1
#define HAVE_SYS_TYPES_H 1
#define HAVE_SYS_STAT_H 1
#define HAVE_STDLIB_H 1
#define HAVE_STRING_H 1
#define HAVE_MEMORY_H 1
#define HAVE_STRINGS_H 1
#define HAVE_INTTYPES_H 1
#define HAVE_STDINT_H 1
#define HAVE_UNISTD_H 1
#define HAVE_STDLIB_H 1
#define HAVE_STRING_H 1
#define HAVE_MATH_H 1
#define HAVE_LIMITS_H 1
#define HAVE_FITSIO_H 1
#define HAVE_HDF_HDF_H 1
#define HAVE_LIBCFITSIO 1
#define HAVE_LIBDF 1
#define HAVE_NET_SERVICES 1

configure: exit 0
